<?xml version="1.0" encoding="UTF-8"?>
<testsuite xmlns:xsi="http://www.w3.org/2001/XMLSchema-instance" xsi:noNamespaceSchemaLocation="https://maven.apache.org/surefire/maven-surefire-plugin/xsd/surefire-test-report-3.0.xsd" version="3.0" name="TestSuite" time="39.325" tests="9" errors="0" skipped="6" failures="3">
  <properties>
[...]
</properties>
  <testcase name="setup" classname="Scenario3.TestCase3" time="17.316">
    <failure message="Could not start a new session. Response code 500. Message: session not created: No matching capabilities found&#10;Build info: version: &apos;4.0.0&apos;, revision: &apos;3a21814679&apos;&#10;System info: host: &apos;Swapnils-MacBook-Air.local&apos;, ip: &apos;fe80:0:0:0:101e:7c25:f3ce:761%en0&apos;, os.name: &apos;Mac OS X&apos;, os.arch: &apos;aarch64&apos;, os.version: &apos;13.7.1&apos;, java.version: &apos;21.0.2&apos;&#10;Driver info: org.openqa.selenium.chrome.ChromeDriver&#10;Command: [null, newSession {capabilities=[Capabilities {LT:Options: {accessKey: SSkNAfekTdDBMdjiIJhRd33uy7G..., build: SeleniumJava101, console: true, name: TC_01_ValidateTextMessage, plugin: java-testNG, project: SeleniumJava101Certification, username: pangudwales05, video: true, visual: true, w3c: true}, browserName: chrome, browserVersion: 132, goog:chromeOptions: {args: [], extensions: []}, platformName: macos ventura}], desiredCapabilities=Capabilities {LT:Options: {accessKey: SSkNAfekTdDBMdjiIJhRd33uy7G..., build: SeleniumJava101, console: true, name: TC_01_ValidateTextMessage, plugin: java-testNG, project: SeleniumJava101Certification, username: pangudwales05, video: true, visual: true, w3c: true}, browserName: chrome, browserVersion: 132, goog:chromeOptions: {args: [], extensions: []}, platformName: macOS Ventura}}]" type="org.openqa.selenium.SessionNotCreatedException"><![CDATA[org.openqa.selenium.SessionNotCreatedException: 
Could not start a new session. Response code 500. Message: session not created: No matching capabilities found
Build info: version: '4.0.0', revision: '3a21814679'
System info: host: 'Swapnils-MacBook-Air.local', ip: 'fe80:0:0:0:101e:7c25:f3ce:761%en0', os.name: 'Mac OS X', os.arch: 'aarch64', os.version: '13.7.1', java.version: '21.0.2'
Driver info: org.openqa.selenium.chrome.ChromeDriver
Command: [null, newSession {capabilities=[Capabilities {LT:Options: {accessKey: SSkNAfekTdDBMdjiIJhRd33uy7G..., build: SeleniumJava101, console: true, name: TC_01_ValidateTextMessage, plugin: java-testNG, project: SeleniumJava101Certification, username: pangudwales05, video: true, visual: true, w3c: true}, browserName: chrome, browserVersion: 132, goog:chromeOptions: {args: [], extensions: []}, platformName: macos ventura}], desiredCapabilities=Capabilities {LT:Options: {accessKey: SSkNAfekTdDBMdjiIJhRd33uy7G..., build: SeleniumJava101, console: true, name: TC_01_ValidateTextMessage, plugin: java-testNG, project: SeleniumJava101Certification, username: pangudwales05, video: true, visual: true, w3c: true}, browserName: chrome, browserVersion: 132, goog:chromeOptions: {args: [], extensions: []}, platformName: macOS Ventura}}]
	at org.openqa.selenium.remote.ProtocolHandshake.createSession(ProtocolHandshake.java:126)
	at org.openqa.selenium.remote.ProtocolHandshake.createSession(ProtocolHandshake.java:84)
	at org.openqa.selenium.remote.ProtocolHandshake.createSession(ProtocolHandshake.java:62)
	at org.openqa.selenium.remote.HttpCommandExecutor.execute(HttpCommandExecutor.java:156)
	at org.openqa.selenium.remote.service.DriverCommandExecutor.invokeExecute(DriverCommandExecutor.java:164)
	at org.openqa.selenium.remote.service.DriverCommandExecutor.execute(DriverCommandExecutor.java:139)
	at org.openqa.selenium.remote.RemoteWebDriver.execute(RemoteWebDriver.java:559)
	at org.openqa.selenium.remote.RemoteWebDriver.startSession(RemoteWebDriver.java:246)
	at org.openqa.selenium.remote.RemoteWebDriver.<init>(RemoteWebDriver.java:168)
	at org.openqa.selenium.chromium.ChromiumDriver.<init>(ChromiumDriver.java:108)
	at org.openqa.selenium.chrome.ChromeDriver.<init>(ChromeDriver.java:104)
	at org.openqa.selenium.chrome.ChromeDriver.<init>(ChromeDriver.java:91)
	at org.openqa.selenium.chrome.ChromeDriver.<init>(ChromeDriver.java:80)
	at BaseClass.BaseTest.setup(BaseTest.java:102)
	at java.base/jdk.internal.reflect.DirectMethodHandleAccessor.invoke(DirectMethodHandleAccessor.java:103)
	at java.base/java.lang.reflect.Method.invoke(Method.java:580)
	at org.testng.internal.invokers.MethodInvocationHelper.invokeMethod(MethodInvocationHelper.java:141)
	at org.testng.internal.invokers.MethodInvocationHelper.invokeMethodConsideringTimeout(MethodInvocationHelper.java:71)
	at org.testng.internal.invokers.ConfigInvoker.invokeConfigurationMethod(ConfigInvoker.java:400)
	at org.testng.internal.invokers.ConfigInvoker.invokeConfigurations(ConfigInvoker.java:333)
	at org.testng.internal.invokers.TestMethodWorker.invokeBeforeClassMethods(TestMethodWorker.java:188)
	at org.testng.internal.invokers.TestMethodWorker.run(TestMethodWorker.java:128)
	at java.base/java.util.ArrayList.forEach(ArrayList.java:1596)
	at org.testng.TestRunner.privateRun(TestRunner.java:739)
	at org.testng.TestRunner.run(TestRunner.java:614)
	at org.testng.SuiteRunner.runTest(SuiteRunner.java:421)
	at org.testng.SuiteRunner.runSequentially(SuiteRunner.java:413)
	at org.testng.SuiteRunner.privateRun(SuiteRunner.java:373)
	at org.testng.SuiteRunner.run(SuiteRunner.java:312)
	at org.testng.SuiteRunnerWorker.runSuite(SuiteRunnerWorker.java:52)
	at org.testng.SuiteRunnerWorker.run(SuiteRunnerWorker.java:95)
	at org.testng.TestNG.runSuitesSequentially(TestNG.java:1274)
	at org.testng.TestNG.runSuitesLocally(TestNG.java:1208)
	at org.testng.TestNG.runSuites(TestNG.java:1112)
	at org.testng.TestNG.run(TestNG.java:1079)
	at org.apache.maven.surefire.testng.TestNGExecutor.run(TestNGExecutor.java:155)
	at org.apache.maven.surefire.testng.TestNGDirectoryTestSuite.executeMulti(TestNGDirectoryTestSuite.java:169)
	at org.apache.maven.surefire.testng.TestNGDirectoryTestSuite.execute(TestNGDirectoryTestSuite.java:88)
	at org.apache.maven.surefire.testng.TestNGProvider.invoke(TestNGProvider.java:137)
	at org.apache.maven.surefire.booter.ForkedBooter.runSuitesInProcess(ForkedBooter.java:385)
	at org.apache.maven.surefire.booter.ForkedBooter.execute(ForkedBooter.java:162)
	at org.apache.maven.surefire.booter.ForkedBooter.run(ForkedBooter.java:507)
	at org.apache.maven.surefire.booter.ForkedBooter.main(ForkedBooter.java:495)
]]></failure>
    <system-err><![CDATA[SLF4J: Failed to load class "org.slf4j.impl.StaticLoggerBinder".
SLF4J: Defaulting to no-operation (NOP) logger implementation
SLF4J: See http://www.slf4j.org/codes.html#StaticLoggerBinder for further details.
Feb 01, 2025 12:18:25 PM org.openqa.selenium.remote.tracing.opentelemetry.OpenTelemetryTracer createTracer
INFO: Using OpenTelemetry for tracing
Feb 01, 2025 12:18:42 PM org.openqa.selenium.remote.ProtocolHandshake createSession
INFO: Detected dialect: W3C
Starting ChromeDriver 132.0.6834.159 (2d77d3fc4452661469b78f115e0aed4d71269739-refs/branch-heads/6834@{#4408}) on port 55932
Only local connections are allowed.
Please see https://chromedriver.chromium.org/security-considerations for suggestions on keeping ChromeDriver safe.
ChromeDriver was started successfully on port 55932.
]]></system-err>
  </testcase>
  <testcase name="validateInputFromSubmit" classname="Scenario3.TestCase3" time="0.0">
    <skipped message="Could not start a new session. Response code 500. Message: session not created: No matching capabilities found&#10;Build info: version: &apos;4.0.0&apos;, revision: &apos;3a21814679&apos;&#10;System info: host: &apos;Swapnils-MacBook-Air.local&apos;, ip: &apos;fe80:0:0:0:101e:7c25:f3ce:761%en0&apos;, os.name: &apos;Mac OS X&apos;, os.arch: &apos;aarch64&apos;, os.version: &apos;13.7.1&apos;, java.version: &apos;21.0.2&apos;&#10;Driver info: org.openqa.selenium.chrome.ChromeDriver&#10;Command: [null, newSession {capabilities=[Capabilities {LT:Options: {accessKey: SSkNAfekTdDBMdjiIJhRd33uy7G..., build: SeleniumJava101, console: true, name: TC_01_ValidateTextMessage, plugin: java-testNG, project: SeleniumJava101Certification, username: pangudwales05, video: true, visual: true, w3c: true}, browserName: chrome, browserVersion: 132, goog:chromeOptions: {args: [], extensions: []}, platformName: macos ventura}], desiredCapabilities=Capabilities {LT:Options: {accessKey: SSkNAfekTdDBMdjiIJhRd33uy7G..., build: SeleniumJava101, console: true, name: TC_01_ValidateTextMessage, plugin: java-testNG, project: SeleniumJava101Certification, username: pangudwales05, video: true, visual: true, w3c: true}, browserName: chrome, browserVersion: 132, goog:chromeOptions: {args: [], extensions: []}, platformName: macOS Ventura}}]"/>
  </testcase>
  <testcase name="tearDown" classname="Scenario3.TestCase3" time="0.0">
    <skipped/>
  </testcase>
  <testcase name="setup" classname="testCases.Scenario1.Scenario2.TestCase2" time="7.663">
    <failure message="Could not start a new session. Response code 500. Message: session not created: No matching capabilities found&#10;Build info: version: &apos;4.0.0&apos;, revision: &apos;3a21814679&apos;&#10;System info: host: &apos;Swapnils-MacBook-Air.local&apos;, ip: &apos;fe80:0:0:0:101e:7c25:f3ce:761%en0&apos;, os.name: &apos;Mac OS X&apos;, os.arch: &apos;aarch64&apos;, os.version: &apos;13.7.1&apos;, java.version: &apos;21.0.2&apos;&#10;Driver info: org.openqa.selenium.chrome.ChromeDriver&#10;Command: [null, newSession {capabilities=[Capabilities {LT:Options: {accessKey: SSkNAfekTdDBMdjiIJhRd33uy7G..., build: SeleniumJava101, console: true, name: TC_01_ValidateTextMessage, plugin: java-testNG, project: SeleniumJava101Certification, username: pangudwales05, video: true, visual: true, w3c: true}, browserName: chrome, browserVersion: 132, goog:chromeOptions: {args: [], extensions: []}, platformName: macos ventura}], desiredCapabilities=Capabilities {LT:Options: {accessKey: SSkNAfekTdDBMdjiIJhRd33uy7G..., build: SeleniumJava101, console: true, name: TC_01_ValidateTextMessage, plugin: java-testNG, project: SeleniumJava101Certification, username: pangudwales05, video: true, visual: true, w3c: true}, browserName: chrome, browserVersion: 132, goog:chromeOptions: {args: [], extensions: []}, platformName: macOS Ventura}}]" type="org.openqa.selenium.SessionNotCreatedException"><![CDATA[org.openqa.selenium.SessionNotCreatedException: 
Could not start a new session. Response code 500. Message: session not created: No matching capabilities found
Build info: version: '4.0.0', revision: '3a21814679'
System info: host: 'Swapnils-MacBook-Air.local', ip: 'fe80:0:0:0:101e:7c25:f3ce:761%en0', os.name: 'Mac OS X', os.arch: 'aarch64', os.version: '13.7.1', java.version: '21.0.2'
Driver info: org.openqa.selenium.chrome.ChromeDriver
Command: [null, newSession {capabilities=[Capabilities {LT:Options: {accessKey: SSkNAfekTdDBMdjiIJhRd33uy7G..., build: SeleniumJava101, console: true, name: TC_01_ValidateTextMessage, plugin: java-testNG, project: SeleniumJava101Certification, username: pangudwales05, video: true, visual: true, w3c: true}, browserName: chrome, browserVersion: 132, goog:chromeOptions: {args: [], extensions: []}, platformName: macos ventura}], desiredCapabilities=Capabilities {LT:Options: {accessKey: SSkNAfekTdDBMdjiIJhRd33uy7G..., build: SeleniumJava101, console: true, name: TC_01_ValidateTextMessage, plugin: java-testNG, project: SeleniumJava101Certification, username: pangudwales05, video: true, visual: true, w3c: true}, browserName: chrome, browserVersion: 132, goog:chromeOptions: {args: [], extensions: []}, platformName: macOS Ventura}}]
	at org.openqa.selenium.remote.ProtocolHandshake.createSession(ProtocolHandshake.java:126)
	at org.openqa.selenium.remote.ProtocolHandshake.createSession(ProtocolHandshake.java:84)
	at org.openqa.selenium.remote.ProtocolHandshake.createSession(ProtocolHandshake.java:62)
	at org.openqa.selenium.remote.HttpCommandExecutor.execute(HttpCommandExecutor.java:156)
	at org.openqa.selenium.remote.service.DriverCommandExecutor.invokeExecute(DriverCommandExecutor.java:164)
	at org.openqa.selenium.remote.service.DriverCommandExecutor.execute(DriverCommandExecutor.java:139)
	at org.openqa.selenium.remote.RemoteWebDriver.execute(RemoteWebDriver.java:559)
	at org.openqa.selenium.remote.RemoteWebDriver.startSession(RemoteWebDriver.java:246)
	at org.openqa.selenium.remote.RemoteWebDriver.<init>(RemoteWebDriver.java:168)
	at org.openqa.selenium.chromium.ChromiumDriver.<init>(ChromiumDriver.java:108)
	at org.openqa.selenium.chrome.ChromeDriver.<init>(ChromeDriver.java:104)
	at org.openqa.selenium.chrome.ChromeDriver.<init>(ChromeDriver.java:91)
	at org.openqa.selenium.chrome.ChromeDriver.<init>(ChromeDriver.java:80)
	at BaseClass.BaseTest.setup(BaseTest.java:102)
	at java.base/jdk.internal.reflect.DirectMethodHandleAccessor.invoke(DirectMethodHandleAccessor.java:103)
	at java.base/java.lang.reflect.Method.invoke(Method.java:580)
	at org.testng.internal.invokers.MethodInvocationHelper.invokeMethod(MethodInvocationHelper.java:141)
	at org.testng.internal.invokers.MethodInvocationHelper.invokeMethodConsideringTimeout(MethodInvocationHelper.java:71)
	at org.testng.internal.invokers.ConfigInvoker.invokeConfigurationMethod(ConfigInvoker.java:400)
	at org.testng.internal.invokers.ConfigInvoker.invokeConfigurations(ConfigInvoker.java:333)
	at org.testng.internal.invokers.TestMethodWorker.invokeBeforeClassMethods(TestMethodWorker.java:188)
	at org.testng.internal.invokers.TestMethodWorker.run(TestMethodWorker.java:128)
	at java.base/java.util.ArrayList.forEach(ArrayList.java:1596)
	at org.testng.TestRunner.privateRun(TestRunner.java:739)
	at org.testng.TestRunner.run(TestRunner.java:614)
	at org.testng.SuiteRunner.runTest(SuiteRunner.java:421)
	at org.testng.SuiteRunner.runSequentially(SuiteRunner.java:413)
	at org.testng.SuiteRunner.privateRun(SuiteRunner.java:373)
	at org.testng.SuiteRunner.run(SuiteRunner.java:312)
	at org.testng.SuiteRunnerWorker.runSuite(SuiteRunnerWorker.java:52)
	at org.testng.SuiteRunnerWorker.run(SuiteRunnerWorker.java:95)
	at org.testng.TestNG.runSuitesSequentially(TestNG.java:1274)
	at org.testng.TestNG.runSuitesLocally(TestNG.java:1208)
	at org.testng.TestNG.runSuites(TestNG.java:1112)
	at org.testng.TestNG.run(TestNG.java:1079)
	at org.apache.maven.surefire.testng.TestNGExecutor.run(TestNGExecutor.java:155)
	at org.apache.maven.surefire.testng.TestNGDirectoryTestSuite.executeMulti(TestNGDirectoryTestSuite.java:169)
	at org.apache.maven.surefire.testng.TestNGDirectoryTestSuite.execute(TestNGDirectoryTestSuite.java:88)
	at org.apache.maven.surefire.testng.TestNGProvider.invoke(TestNGProvider.java:137)
	at org.apache.maven.surefire.booter.ForkedBooter.runSuitesInProcess(ForkedBooter.java:385)
	at org.apache.maven.surefire.booter.ForkedBooter.execute(ForkedBooter.java:162)
	at org.apache.maven.surefire.booter.ForkedBooter.run(ForkedBooter.java:507)
	at org.apache.maven.surefire.booter.ForkedBooter.main(ForkedBooter.java:495)
]]></failure>
    <system-err><![CDATA[Feb 01, 2025 12:18:50 PM org.openqa.selenium.remote.ProtocolHandshake createSession
INFO: Detected dialect: W3C
Starting ChromeDriver 132.0.6834.159 (2d77d3fc4452661469b78f115e0aed4d71269739-refs/branch-heads/6834@{#4408}) on port 60136
Only local connections are allowed.
Please see https://chromedriver.chromium.org/security-considerations for suggestions on keeping ChromeDriver safe.
ChromeDriver was started successfully on port 60136.
]]></system-err>
  </testcase>
  <testcase name="validateDragAndDropSliders" classname="testCases.Scenario1.Scenario2.TestCase2" time="0.0">
    <skipped message="Could not start a new session. Response code 500. Message: session not created: No matching capabilities found&#10;Build info: version: &apos;4.0.0&apos;, revision: &apos;3a21814679&apos;&#10;System info: host: &apos;Swapnils-MacBook-Air.local&apos;, ip: &apos;fe80:0:0:0:101e:7c25:f3ce:761%en0&apos;, os.name: &apos;Mac OS X&apos;, os.arch: &apos;aarch64&apos;, os.version: &apos;13.7.1&apos;, java.version: &apos;21.0.2&apos;&#10;Driver info: org.openqa.selenium.chrome.ChromeDriver&#10;Command: [null, newSession {capabilities=[Capabilities {LT:Options: {accessKey: SSkNAfekTdDBMdjiIJhRd33uy7G..., build: SeleniumJava101, console: true, name: TC_01_ValidateTextMessage, plugin: java-testNG, project: SeleniumJava101Certification, username: pangudwales05, video: true, visual: true, w3c: true}, browserName: chrome, browserVersion: 132, goog:chromeOptions: {args: [], extensions: []}, platformName: macos ventura}], desiredCapabilities=Capabilities {LT:Options: {accessKey: SSkNAfekTdDBMdjiIJhRd33uy7G..., build: SeleniumJava101, console: true, name: TC_01_ValidateTextMessage, plugin: java-testNG, project: SeleniumJava101Certification, username: pangudwales05, video: true, visual: true, w3c: true}, browserName: chrome, browserVersion: 132, goog:chromeOptions: {args: [], extensions: []}, platformName: macOS Ventura}}]"/>
  </testcase>
  <testcase name="tearDown" classname="testCases.Scenario1.Scenario2.TestCase2" time="0.0">
    <skipped/>
  </testcase>
  <testcase name="setup" classname="testCases.Scenario1.TestCases" time="9.242">
    <failure message="Could not start a new session. Response code 500. Message: session not created: No matching capabilities found&#10;Build info: version: &apos;4.0.0&apos;, revision: &apos;3a21814679&apos;&#10;System info: host: &apos;Swapnils-MacBook-Air.local&apos;, ip: &apos;fe80:0:0:0:101e:7c25:f3ce:761%en0&apos;, os.name: &apos;Mac OS X&apos;, os.arch: &apos;aarch64&apos;, os.version: &apos;13.7.1&apos;, java.version: &apos;21.0.2&apos;&#10;Driver info: org.openqa.selenium.chrome.ChromeDriver&#10;Command: [null, newSession {capabilities=[Capabilities {LT:Options: {accessKey: SSkNAfekTdDBMdjiIJhRd33uy7G..., build: SeleniumJava101, console: true, name: TC_01_ValidateTextMessage, plugin: java-testNG, project: SeleniumJava101Certification, username: pangudwales05, video: true, visual: true, w3c: true}, browserName: chrome, browserVersion: 132, goog:chromeOptions: {args: [], extensions: []}, platformName: macos ventura}], desiredCapabilities=Capabilities {LT:Options: {accessKey: SSkNAfekTdDBMdjiIJhRd33uy7G..., build: SeleniumJava101, console: true, name: TC_01_ValidateTextMessage, plugin: java-testNG, project: SeleniumJava101Certification, username: pangudwales05, video: true, visual: true, w3c: true}, browserName: chrome, browserVersion: 132, goog:chromeOptions: {args: [], extensions: []}, platformName: macOS Ventura}}]" type="org.openqa.selenium.SessionNotCreatedException"><![CDATA[org.openqa.selenium.SessionNotCreatedException: 
Could not start a new session. Response code 500. Message: session not created: No matching capabilities found
Build info: version: '4.0.0', revision: '3a21814679'
System info: host: 'Swapnils-MacBook-Air.local', ip: 'fe80:0:0:0:101e:7c25:f3ce:761%en0', os.name: 'Mac OS X', os.arch: 'aarch64', os.version: '13.7.1', java.version: '21.0.2'
Driver info: org.openqa.selenium.chrome.ChromeDriver
Command: [null, newSession {capabilities=[Capabilities {LT:Options: {accessKey: SSkNAfekTdDBMdjiIJhRd33uy7G..., build: SeleniumJava101, console: true, name: TC_01_ValidateTextMessage, plugin: java-testNG, project: SeleniumJava101Certification, username: pangudwales05, video: true, visual: true, w3c: true}, browserName: chrome, browserVersion: 132, goog:chromeOptions: {args: [], extensions: []}, platformName: macos ventura}], desiredCapabilities=Capabilities {LT:Options: {accessKey: SSkNAfekTdDBMdjiIJhRd33uy7G..., build: SeleniumJava101, console: true, name: TC_01_ValidateTextMessage, plugin: java-testNG, project: SeleniumJava101Certification, username: pangudwales05, video: true, visual: true, w3c: true}, browserName: chrome, browserVersion: 132, goog:chromeOptions: {args: [], extensions: []}, platformName: macOS Ventura}}]
	at org.openqa.selenium.remote.ProtocolHandshake.createSession(ProtocolHandshake.java:126)
	at org.openqa.selenium.remote.ProtocolHandshake.createSession(ProtocolHandshake.java:84)
	at org.openqa.selenium.remote.ProtocolHandshake.createSession(ProtocolHandshake.java:62)
	at org.openqa.selenium.remote.HttpCommandExecutor.execute(HttpCommandExecutor.java:156)
	at org.openqa.selenium.remote.service.DriverCommandExecutor.invokeExecute(DriverCommandExecutor.java:164)
	at org.openqa.selenium.remote.service.DriverCommandExecutor.execute(DriverCommandExecutor.java:139)
	at org.openqa.selenium.remote.RemoteWebDriver.execute(RemoteWebDriver.java:559)
	at org.openqa.selenium.remote.RemoteWebDriver.startSession(RemoteWebDriver.java:246)
	at org.openqa.selenium.remote.RemoteWebDriver.<init>(RemoteWebDriver.java:168)
	at org.openqa.selenium.chromium.ChromiumDriver.<init>(ChromiumDriver.java:108)
	at org.openqa.selenium.chrome.ChromeDriver.<init>(ChromeDriver.java:104)
	at org.openqa.selenium.chrome.ChromeDriver.<init>(ChromeDriver.java:91)
	at org.openqa.selenium.chrome.ChromeDriver.<init>(ChromeDriver.java:80)
	at BaseClass.BaseTest.setup(BaseTest.java:102)
	at java.base/jdk.internal.reflect.DirectMethodHandleAccessor.invoke(DirectMethodHandleAccessor.java:103)
	at java.base/java.lang.reflect.Method.invoke(Method.java:580)
	at org.testng.internal.invokers.MethodInvocationHelper.invokeMethod(MethodInvocationHelper.java:141)
	at org.testng.internal.invokers.MethodInvocationHelper.invokeMethodConsideringTimeout(MethodInvocationHelper.java:71)
	at org.testng.internal.invokers.ConfigInvoker.invokeConfigurationMethod(ConfigInvoker.java:400)
	at org.testng.internal.invokers.ConfigInvoker.invokeConfigurations(ConfigInvoker.java:333)
	at org.testng.internal.invokers.TestMethodWorker.invokeBeforeClassMethods(TestMethodWorker.java:188)
	at org.testng.internal.invokers.TestMethodWorker.run(TestMethodWorker.java:128)
	at java.base/java.util.ArrayList.forEach(ArrayList.java:1596)
	at org.testng.TestRunner.privateRun(TestRunner.java:739)
	at org.testng.TestRunner.run(TestRunner.java:614)
	at org.testng.SuiteRunner.runTest(SuiteRunner.java:421)
	at org.testng.SuiteRunner.runSequentially(SuiteRunner.java:413)
	at org.testng.SuiteRunner.privateRun(SuiteRunner.java:373)
	at org.testng.SuiteRunner.run(SuiteRunner.java:312)
	at org.testng.SuiteRunnerWorker.runSuite(SuiteRunnerWorker.java:52)
	at org.testng.SuiteRunnerWorker.run(SuiteRunnerWorker.java:95)
	at org.testng.TestNG.runSuitesSequentially(TestNG.java:1274)
	at org.testng.TestNG.runSuitesLocally(TestNG.java:1208)
	at org.testng.TestNG.runSuites(TestNG.java:1112)
	at org.testng.TestNG.run(TestNG.java:1079)
	at org.apache.maven.surefire.testng.TestNGExecutor.run(TestNGExecutor.java:155)
	at org.apache.maven.surefire.testng.TestNGDirectoryTestSuite.executeMulti(TestNGDirectoryTestSuite.java:169)
	at org.apache.maven.surefire.testng.TestNGDirectoryTestSuite.execute(TestNGDirectoryTestSuite.java:88)
	at org.apache.maven.surefire.testng.TestNGProvider.invoke(TestNGProvider.java:137)
	at org.apache.maven.surefire.booter.ForkedBooter.runSuitesInProcess(ForkedBooter.java:385)
	at org.apache.maven.surefire.booter.ForkedBooter.execute(ForkedBooter.java:162)
	at org.apache.maven.surefire.booter.ForkedBooter.run(ForkedBooter.java:507)
	at org.apache.maven.surefire.booter.ForkedBooter.main(ForkedBooter.java:495)
]]></failure>
    <system-err><![CDATA[Feb 01, 2025 12:18:59 PM org.openqa.selenium.remote.ProtocolHandshake createSession
INFO: Detected dialect: W3C
Starting ChromeDriver 132.0.6834.159 (2d77d3fc4452661469b78f115e0aed4d71269739-refs/branch-heads/6834@{#4408}) on port 60662
Only local connections are allowed.
Please see https://chromedriver.chromium.org/security-considerations for suggestions on keeping ChromeDriver safe.
ChromeDriver was started successfully on port 60662.
]]></system-err>
  </testcase>
  <testcase name="validateTextMessage" classname="testCases.Scenario1.TestCases" time="0.0">
    <skipped message="Could not start a new session. Response code 500. Message: session not created: No matching capabilities found&#10;Build info: version: &apos;4.0.0&apos;, revision: &apos;3a21814679&apos;&#10;System info: host: &apos;Swapnils-MacBook-Air.local&apos;, ip: &apos;fe80:0:0:0:101e:7c25:f3ce:761%en0&apos;, os.name: &apos;Mac OS X&apos;, os.arch: &apos;aarch64&apos;, os.version: &apos;13.7.1&apos;, java.version: &apos;21.0.2&apos;&#10;Driver info: org.openqa.selenium.chrome.ChromeDriver&#10;Command: [null, newSession {capabilities=[Capabilities {LT:Options: {accessKey: SSkNAfekTdDBMdjiIJhRd33uy7G..., build: SeleniumJava101, console: true, name: TC_01_ValidateTextMessage, plugin: java-testNG, project: SeleniumJava101Certification, username: pangudwales05, video: true, visual: true, w3c: true}, browserName: chrome, browserVersion: 132, goog:chromeOptions: {args: [], extensions: []}, platformName: macos ventura}], desiredCapabilities=Capabilities {LT:Options: {accessKey: SSkNAfekTdDBMdjiIJhRd33uy7G..., build: SeleniumJava101, console: true, name: TC_01_ValidateTextMessage, plugin: java-testNG, project: SeleniumJava101Certification, username: pangudwales05, video: true, visual: true, w3c: true}, browserName: chrome, browserVersion: 132, goog:chromeOptions: {args: [], extensions: []}, platformName: macOS Ventura}}]"/>
  </testcase>
  <testcase name="tearDown" classname="testCases.Scenario1.TestCases" time="0.0">
    <skipped/>
  </testcase>
</testsuite>