<?xml version="1.0" encoding="UTF-8"?>
<testng-results ignored="0" total="1" passed="1" failed="0" skipped="0">
  <reporter-output>
  </reporter-output>
  <suite started-at="2025-02-01T17:40:18 IST" name="Suite" finished-at="2025-02-01T17:41:15 IST" duration-ms="57128">
    <groups>
    </groups>
    <test started-at="2025-02-01T17:40:18 IST" name="Test" finished-at="2025-02-01T17:41:15 IST" duration-ms="57128">
      <class name="Scenario3.TestCase3">
        <test-method is-config="true" signature="setup()[pri:0, instance:Scenario3.TestCase3@f6efaab]" started-at="2025-02-01T17:40:18 IST" name="setup" finished-at="2025-02-01T17:40:39 IST" duration-ms="20918" status="PASS">
          <reporter-output>
          </reporter-output>
        </test-method> <!-- setup -->
        <test-method signature="validateInputFromSubmit()[pri:3, instance:Scenario3.TestCase3@f6efaab]" started-at="2025-02-01T17:40:39 IST" name="validateInputFromSubmit" finished-at="2025-02-01T17:41:15 IST" duration-ms="36025" status="PASS">
          <reporter-output>
          </reporter-output>
        </test-method> <!-- validateInputFromSubmit -->
        <test-method is-config="true" signature="tearDown()[pri:0, instance:Scenario3.TestCase3@f6efaab]" started-at="2025-02-01T17:41:15 IST" name="tearDown" finished-at="2025-02-01T17:41:15 IST" duration-ms="150" status="PASS">
          <reporter-output>
          </reporter-output>
        </test-method> <!-- tearDown -->
      </class> <!-- Scenario3.TestCase3 -->
    </test> <!-- Test -->
  </suite> <!-- Suite -->
</testng-results>
